C51 COMPILER V9.00   XUNJI                                                                 11/19/2017 17:41:32 PAGE 1   


C51 COMPILER V9.00, COMPILATION OF MODULE XUNJI
OBJECT MODULE PLACED IN xunji.OBJ
COMPILER INVOKED BY: C:\Keil\C51\BIN\C51.EXE xunji.c BROWSE DEBUG OBJECTEXTEND

line level    source

   1          #include "reg52.h"                              //此文件中定义了单片机的一些特殊功能寄存器
   2          
   3          typedef unsigned int u16;               //对数据类型进行声明定义
   4          typedef unsigned char u8;
   5          unsigned char code LXY[]={      //共阳极0~f数码管编码
   6          0x02,0x9e,0x24,0x0c,0x98,0x48,0x40,0x1e,0x01,0x18
   7          };
   8          
   9          sbit M1=P0^0;                             //定义电机接口 *4
  10          sbit M2=P0^1;
  11          sbit M3=P0^2;
  12          sbit M4=P0^3;
  13          sbit Beep=P0^6;                           //定义蜂鸣器接口
  14          sbit led_right=P0^7;              //右前灯
  15          sbit led_left=P2^0;                       //左前灯
  16          sbit zuo=P3^5;                            //左接收管
  17          sbit you=P3^6;                            //中接收管
  18          sbit zhong=P3^7;                          //又接收管
  19          
  20          int timer=0;                              //定时器1ms，timer加1
  21          void delay(u16 i)                         //延时函数
  22          {
  23   1              while(i--);     
  24   1      }
  25          
  26          void Beep_();                             //声明函数
  27          void qianjin();
  28          void houtui();
  29          void zuozhuan();
  30          void youzhuan();
  31          void yuandi_zuozhuan();
  32          void yuandi_youzhuan();
  33          void tingzhi();
  34          void flash_on();
  35          void timer0_init();
  36          void Init_all();
  37          void main()                                        //主函数      开机先进行两次流水灯，车前的两个灯闪烁一次，然后蜂鸣器响两次 ，启动定时器中断
             -车可以行走，主函数流水灯
  38          {
  39   1              int n=0,i;
  40   1              Init_all();
  41   1              timer0_init();
  42   1              while(1)
  43   1              {       
  44   2              P1=0xff;                                   //8个灯闪烁
  45   2              delay(10000);
  46   2              P1=0x00;
  47   2              delay(10000);
  48   2              P2=LXY[n++]&0xfe;
  49   2              if(n==10) n=0;
  50   2                              
  51   2              }               
  52   1      }
*** WARNING C280 IN LINE 39 OF XUNJI.C: 'i': unreferenced local variable
  53          
C51 COMPILER V9.00   XUNJI                                                                 11/19/2017 17:41:32 PAGE 2   

  54          void GO_() interrupt 1                            //定时器中断函数
  55          {
  56   1      int c=4;                                                         //速度占空比调节 高占空比(10-c)/10
  57   1      int b=7;                                                         //拐弯时速度占空比
  58   1      timer++;
  59   1      if(timer>10)    timer=0;        
  60   1       TH0=(65536-1000)/256;                          //  1MS定时 1000us
  61   1       TL0=(65536-1000)%256; 
  62   1       if(zuo==0&zhong==0&you==0)                                //000        当三个都检测到白色停止             1代表监测到黑色，0代表监测到白色
  63   1               {
  64   2                      tingzhi();
  65   2                      flash_on();
  66   2                      P1=0x00;
  67   2                      Beep_();
  68   2                         
  69   2               }
  70   1                       if(zuo==0&zhong==0&you==1)               //001          左边两个探头检测到白色，右边检测到黑色右转
  71   1               {
  72   2                      if(timer==0)
  73   2                      tingzhi();
  74   2                      if(timer==b)
  75   2                 yuandi_youzhuan();
  76   2               }
  77   1                       if(zuo==0&zhong==1&you==0)               //010           只有中间的探头检测到黑色，前进
  78   1               {
  79   2                      if(timer==0)
  80   2                      tingzhi();
  81   2                      if(timer==c)
  82   2                 qianjin();
  83   2               }
  84   1                       if(zuo==0&zhong==1&you==1)               //011            左边一个探头检测到白色，右边两个探头检测到黑色右转
  85   1               {
  86   2                      if(timer==0)
  87   2                      tingzhi();
  88   2                      if(timer==b)
  89   2                      youzhuan();
  90   2               }
  91   1                       if(zuo==1&zhong==0&you==0)               //100            左边一个检测到黑色，右边两个检测白色左转
  92   1               {
  93   2                      if(timer==0)
  94   2                      tingzhi();
  95   2                      if(timer==b)
  96   2                      yuandi_zuozhuan();
  97   2               }
  98   1                       if(zuo==1&zhong==0&you==1)               //101                 左右均检测到黑色，但中间检测到黑色，理论上这种状况是不存在的，
  99   1               {
 100   2                      if(timer==0)                                      //            但是实际可能因为误差存在导致这种情况发生，所以我让它继续前进
 101   2                      tingzhi();
 102   2                      if(timer==c)
 103   2                      qianjin();
 104   2               }
 105   1                       if(zuo==1&zhong==1&you==0)               //110                 左边两个检测到黑色，右边一个检测到白色，左转
 106   1               {
 107   2                      if(timer==0)
 108   2                      tingzhi();
 109   2                      if(timer==b)
 110   2                        zuozhuan();
 111   2               }
 112   1                       if(zuo==1&zhong==1&you==1)                //111                 只有当三个探头都检测到黑线时才前进
 113   1               {
 114   2      
 115   2                      if(timer==0)
C51 COMPILER V9.00   XUNJI                                                                 11/19/2017 17:41:32 PAGE 3   

 116   2                      tingzhi();
 117   2                      if(timer==c)
 118   2                      qianjin();
 119   2               }
 120   1      }  
 121          
 122          void timer0_init()                                              //定时器初始化
 123          {
 124   1         TMOD = 0x01;                                                 //16位定时器模式
 125   1          
 126   1       TH0=(65536-1000)/256;                                  //  1MS定时 1000us
 127   1       TL0=(65536-1000)%256; 
 128   1          
 129   1          EA = 1;                                                     //开全局中断
 130   1          ET0 = 1;                                                    //允许T0中断
 131   1          TR0 = 1;                                                    //启动定时器
 132   1      }
 133          
 134          void Init_all()                                                 //行驶前初始化准备
 135          {
 136   1      u8 i;
 137   1                              for(i=0;i<8;i++)                        //流水灯程序*2
 138   1                      {
 139   2                              P1=~(0x01<<i);                          //将1右移i位，然后将结果取反赋值到P1口
 140   2                              delay(3000);    
 141   2                      }
 142   1                              for(i=0;i<8;i++)
 143   1                      {
 144   2                              P1=~(0x01<<i);                          //将1右移i位，然后将结果取反赋值到P1口
 145   2                              delay(3000);    
 146   2                      }
 147   1                      led_right=0;                                    //前面两个LED亮
 148   1                      led_left=0;
 149   1                         for(i=0;i<200;i++)                   //蜂鸣器响两次
 150   1                         {
 151   2                               Beep_();
 152   2                         }
 153   1                         delay(5000);
 154   1                         for(i=0;i<200;i++)
 155   1                         {
 156   2                               Beep_();
 157   2                         }
 158   1                      led_right=1;                                    //前面两个LED灭
 159   1                      led_left=1;
 160   1      }
 161          
 162          void Beep_()                      //蜂鸣器尖叫
 163          {
 164   1      Beep=~Beep;
 165   1      delay(20);
 166   1      }
 167          
 168          void qianjin()                          //前进
 169          {
 170   1      M1=0;M2=1;
 171   1      M3=0;M4=1;
 172   1      led_right=0;
 173   1      led_left=0;
 174   1      Beep=1;
 175   1      }
 176          
 177          void houtui()                           //后退   没调用过
C51 COMPILER V9.00   XUNJI                                                                 11/19/2017 17:41:32 PAGE 4   

 178          {
 179   1      M1=1;M2=0;
 180   1      M3=1;M4=0;
 181   1      
 182   1      }
 183          void zuozhuan()                         //左转
 184          {
 185   1      M1=0;M2=0;
 186   1      M3=0;M4=1;
 187   1      led_left=0;
 188   1      led_right=1;
 189   1      Beep=1;
 190   1      }
 191          void youzhuan()                         //右转
 192          {
 193   1      M1=0;M2=1;
 194   1      M3=0;M4=0;
 195   1      led_right=0;
 196   1      led_left=1;
 197   1      Beep=1;
 198   1      }
 199          void yuandi_zuozhuan()          //左转   没调用过
 200          {
 201   1      M1=1;M2=0;
 202   1      M3=0;M4=1;
 203   1      led_left=0;
 204   1      led_right=1;
 205   1      Beep=1;
 206   1      }
 207          void yuandi_youzhuan()           //右转   没调用过
 208          {
 209   1      M1=0;M2=1;
 210   1      M3=1;M4=0;
 211   1      led_right=0;
 212   1      led_left=1;
 213   1      Beep=1;
 214   1      }
 215          void tingzhi()                          //停止
 216          {
 217   1      M1=0;M2=0;
 218   1      M3=0;M4=0;
 219   1      
 220   1      }
 221          
 222          void flash_on()                         //车前的两个灯闪烁
 223          {
 224   1       led_right=0;
 225   1       led_left=1;
 226   1       delay(10000);
 227   1       led_right=1;
 228   1       led_left=0;
 229   1       delay(10000);
 230   1      }


MODULE INFORMATION:   STATIC OVERLAYABLE
   CODE SIZE        =    867    ----
   CONSTANT SIZE    =     10    ----
   XDATA SIZE       =   ----    ----
   PDATA SIZE       =   ----    ----
   DATA SIZE        =      2       9
   IDATA SIZE       =   ----    ----
C51 COMPILER V9.00   XUNJI                                                                 11/19/2017 17:41:32 PAGE 5   

   BIT SIZE         =   ----    ----
END OF MODULE INFORMATION.


C51 COMPILATION COMPLETE.  1 WARNING(S),  0 ERROR(S)
